<?xml version="1.0" encoding="UTF-8"?>
<!-- Generated by org.testng.reporters.JUnitReportReporter -->
<testsuite hostname="Bhakti" failures="0" tests="3" name="com.crm.qa.testcases.LoginPageTest" time="24.386" errors="0" timestamp="2024-10-30T15:47:09 GMT-04:00" skipped="0">
  <testcase classname="com.crm.qa.testcases.LoginPageTest" name="loginPageTitleTest" time="6.184"/>
  <testcase classname="com.crm.qa.testcases.LoginPageTest" name="CRMLogoImageTest" time="4.457"/>
  <testcase classname="com.crm.qa.testcases.LoginPageTest" name="loginTest" time="13.745"/>
</testsuite> <!-- com.crm.qa.testcases.LoginPageTest -->
