<?xml version="1.0" encoding="UTF-8"?>
<!-- Generated by org.testng.reporters.JUnitReportReporter -->
<testsuite hostname="Bhakti" failures="0" tests="3" name="com.crm.qa.testcases.LoginPageTest" time="19.485" errors="0" timestamp="2024-10-23T17:05:26 GMT-04:00" skipped="0">
  <testcase classname="com.crm.qa.testcases.LoginPageTest" name="loginPageTitleTest" time="4.523"/>
  <testcase classname="com.crm.qa.testcases.LoginPageTest" name="CRMLogoImageTest" time="5.132"/>
  <testcase classname="com.crm.qa.testcases.LoginPageTest" name="loginTest" time="9.830"/>
</testsuite> <!-- com.crm.qa.testcases.LoginPageTest -->
