<?xml version="1.0" encoding="UTF-8"?>
<!-- Generated by org.testng.reporters.JUnitReportReporter -->
<testsuite hostname="Bhakti" failures="0" tests="3" name="com.crm.qa.testcases.LoginPageTest" time="19.498" errors="0" timestamp="2025-02-11T14:24:38 GMT-05:00" skipped="0">
  <testcase classname="com.crm.qa.testcases.LoginPageTest" name="loginPageTitleTest" time="4.690"/>
  <testcase classname="com.crm.qa.testcases.LoginPageTest" name="CRMLogoImageTest" time="4.687"/>
  <testcase classname="com.crm.qa.testcases.LoginPageTest" name="loginTest" time="10.121"/>
</testsuite> <!-- com.crm.qa.testcases.LoginPageTest -->
