<?xml version="1.0" encoding="UTF-8"?>
<!-- Generated by org.testng.reporters.JUnitReportReporter -->
<testsuite hostname="Bhakti" failures="0" tests="1" name="com.crm.qa.testcases.LoginPageTest" time="14.626" errors="0" timestamp="2025-02-18T14:49:12 GMT-05:00" skipped="0">
  <testcase classname="com.crm.qa.testcases.LoginPageTest" name="loginTest" time="14.626"/>
</testsuite> <!-- com.crm.qa.testcases.LoginPageTest -->
