<?xml version="1.0" encoding="UTF-8"?>
<!-- Generated by org.testng.reporters.JUnitReportReporter -->
<testsuite hostname="Bhakti" failures="0" tests="3" name="com.crm.qa.testcases.LoginPageTest" time="18.508" errors="0" timestamp="2024-10-22T23:01:55 GMT-04:00" skipped="0">
  <testcase classname="com.crm.qa.testcases.LoginPageTest" name="loginPageTitleTest" time="4.252"/>
  <testcase classname="com.crm.qa.testcases.LoginPageTest" name="CRMLogoImageTest" time="4.210"/>
  <testcase classname="com.crm.qa.testcases.LoginPageTest" name="loginTest" time="10.046"/>
</testsuite> <!-- com.crm.qa.testcases.LoginPageTest -->
