<?xml version="1.0" encoding="UTF-8"?>
<!-- Generated by org.testng.reporters.JUnitReportReporter -->
<testsuite hostname="Bhakti" failures="0" tests="3" name="com.crm.qa.testcases.LoginPageTest" time="20.440" errors="0" timestamp="2024-10-18T15:21:26 GMT-04:00" skipped="0">
  <testcase classname="com.crm.qa.testcases.LoginPageTest" name="loginPageTitleTest" time="6.379"/>
  <testcase classname="com.crm.qa.testcases.LoginPageTest" name="CRMLogoImageTest" time="4.479"/>
  <testcase classname="com.crm.qa.testcases.LoginPageTest" name="loginTest" time="9.582"/>
</testsuite> <!-- com.crm.qa.testcases.LoginPageTest -->
